<?xml version="1.0" encoding="UTF-8"?>
<!-- Generated by org.testng.reporters.JUnitReportReporter -->
<testsuite hostname="DESKTOP-8KQUBEU" failures="0" tests="2" name="Demo.ClassA" time="0.015" errors="0" timestamp="2024-07-11T22:13:53 IST" skipped="0">
  <testcase classname="Demo.ClassA" name="verifyClassATestA" time="0.010"/>
  <testcase classname="Demo.ClassA" name="verifyClassATestB" time="0.005"/>
</testsuite> <!-- Demo.ClassA -->
