<?xml version="1.0" encoding="UTF-8"?>
<!-- Generated by org.testng.reporters.JUnitReportReporter -->
<testsuite hostname="DESKTOP-8KQUBEU" failures="0" tests="1" name="Programs.RevNumber" time="0.042" errors="0" timestamp="2024-07-19T07:01:17 IST" skipped="0">
  <testcase classname="Programs.RevNumber" name="verifySumOfArrayNumbers" time="0.042"/>
</testsuite> <!-- Programs.RevNumber -->
