<?xml version="1.0" encoding="UTF-8"?>
<!-- Generated by org.testng.reporters.JUnitReportReporter -->
<testsuite hostname="DESKTOP-8KQUBEU" failures="0" tests="1" name="Test" time="0.019" errors="0" timestamp="2023-12-05T19:57:25 IST" skipped="0">
  <testcase classname="Test" name="main" time="0.019"/>
</testsuite> <!-- Test -->
