<?xml version="1.0" encoding="UTF-8"?>
<!-- Generated by org.testng.reporters.JUnitReportReporter -->
<testsuite hostname="DESKTOP-8KQUBEU" failures="0" tests="1" name="JavaScriptExecuter.ScrollWindow" time="28.059" errors="0" timestamp="2024-07-23T11:19:43 IST" skipped="0">
  <testcase classname="JavaScriptExecuter.ScrollWindow" name="verifyPageScroll" time="28.059"/>
</testsuite> <!-- JavaScriptExecuter.ScrollWindow -->
