<?xml version="1.0" encoding="UTF-8"?>
<!-- Generated by org.testng.reporters.JUnitReportReporter -->
<testsuite hostname="DESKTOP-8KQUBEU" failures="0" tests="1" name="RobotClass.RefreshPage" time="22.394" errors="0" timestamp="2024-04-26T09:45:30 IST" skipped="0">
  <testcase classname="RobotClass.RefreshPage" name="verifyBrowserRefresh" time="22.394"/>
</testsuite> <!-- RobotClass.RefreshPage -->
