<?xml version="1.0" encoding="UTF-8"?>
<!-- Generated by org.testng.reporters.JUnitReportReporter -->
<testsuite hostname="DESKTOP-8KQUBEU" failures="0" tests="1" name="Programs.StringFunctions" time="0.021" errors="0" timestamp="2024-05-29T22:41:53 IST" skipped="0">
  <testcase classname="Programs.StringFunctions" name="verifyCharactAtIndex" time="0.021"/>
</testsuite> <!-- Programs.StringFunctions -->
