<?xml version="1.0" encoding="UTF-8"?>
<!-- Generated by org.testng.reporters.JUnitReportReporter -->
<testsuite hostname="DESKTOP-8KQUBEU" failures="0" tests="1" name="RobotClass.Sample" time="9.937" errors="0" timestamp="2024-07-08T12:07:02 IST" skipped="0">
  <testcase classname="RobotClass.Sample" name="verifyKeyPress" time="9.937"/>
</testsuite> <!-- RobotClass.Sample -->
