<?xml version="1.0" encoding="UTF-8"?>
<!-- Generated by org.testng.reporters.JUnitReportReporter -->
<testsuite hostname="DESKTOP-8KQUBEU" failures="0" tests="3" name="TestNg.ParallelExecution" time="23.151" errors="0" timestamp="2024-02-24T10:34:27 IST" skipped="0">
  <testcase classname="TestNg.ParallelExecution" name="verifyBrowser" time="9.992"/>
  <testcase classname="TestNg.ParallelExecution" name="verifyBrowser" time="6.269"/>
  <testcase classname="TestNg.ParallelExecution" name="verifyBrowser" time="6.890"/>
</testsuite> <!-- TestNg.ParallelExecution -->
