<?xml version="1.0" encoding="UTF-8"?>
<!-- Generated by org.testng.reporters.JUnitReportReporter -->
<testsuite hostname="DESKTOP-8KQUBEU" failures="0" tests="9" name="TestNg.ReadOnlyTextBox" time="114.685" errors="0" timestamp="2024-06-03T22:40:36 IST" skipped="0">
  <testcase classname="TestNg.ReadOnlyTextBox" name="verifyReadOnlyText" time="35.096"/>
  <testcase classname="TestNg.ReadOnlyTextBox" name="verifyHtmiBrowser" time="0.002"/>
  <testcase classname="TestNg.ReadOnlyTextBox" name="verifySujjestionClass" time="6.893"/>
  <testcase classname="TestNg.ReadOnlyTextBox" name="verifyMouseHover" time="8.563"/>
  <testcase classname="TestNg.ReadOnlyTextBox" name="verifyDropdowns" time="7.301"/>
  <testcase classname="TestNg.ReadOnlyTextBox" name="verifyMousePress" time="9.731"/>
  <testcase classname="TestNg.ReadOnlyTextBox" name="verifyTheTableContents" time="4.844"/>
  <testcase classname="TestNg.ReadOnlyTextBox" name="verifyReadOnlyText" time="35.046"/>
  <testcase classname="TestNg.ReadOnlyTextBox" name="verifyHeadLessBrowser" time="7.209"/>
</testsuite> <!-- TestNg.ReadOnlyTextBox -->
