<?xml version="1.0" encoding="UTF-8"?>
<!-- Generated by org.testng.reporters.JUnitReportReporter -->
<testsuite hostname="DESKTOP-8KQUBEU" failures="0" tests="1" name="Listners.TesNgListnersDemo" time="0.017" errors="0" timestamp="2024-07-09T13:31:57 IST" skipped="0">
  <testcase classname="Listners.TesNgListnersDemo" name="revString" time="0.017"/>
</testsuite> <!-- Listners.TesNgListnersDemo -->
