<?xml version="1.0" encoding="UTF-8"?>
<!-- Generated by org.testng.reporters.JUnitReportReporter -->
<testsuite hostname="DESKTOP-8KQUBEU" failures="0" tests="2" name="Groups.Sample" time="0.022" errors="0" timestamp="2024-03-21T22:56:21 IST" skipped="0">
  <testcase classname="Groups.Sample" name="verifyGroups1" time="0.008"/>
  <testcase classname="Groups.Sample" name="verifyGroups" time="0.014"/>
</testsuite> <!-- Groups.Sample -->
