<?xml version="1.0" encoding="UTF-8"?>
<!-- Generated by org.testng.reporters.JUnitReportReporter -->
<testsuite hostname="DESKTOP-8KQUBEU" failures="0" tests="2" name="Demo.ClassOne" time="0.019" errors="0" timestamp="2024-07-11T15:50:14 IST" skipped="0">
  <testcase classname="Demo.ClassOne" name="verifyClassOneTestB" time="0.009"/>
  <testcase classname="Demo.ClassOne" name="verifyClassOneTestA" time="0.010"/>
</testsuite> <!-- Demo.ClassOne -->
