<?xml version="1.0" encoding="UTF-8"?>
<!-- Generated by org.testng.reporters.JUnitReportReporter -->
<testsuite hostname="DESKTOP-8KQUBEU" failures="0" tests="2" name="Demo.ClassB" time="0.011" errors="0" timestamp="2024-07-11T22:13:53 IST" skipped="0">
  <testcase classname="Demo.ClassB" name="verifyClassBTestB" time="0.008"/>
  <testcase classname="Demo.ClassB" name="verifyClassBTestA" time="0.003"/>
</testsuite> <!-- Demo.ClassB -->
