<?xml version="1.0" encoding="UTF-8"?>
<!-- Generated by org.testng.reporters.JUnitReportReporter -->
<testsuite hostname="DESKTOP-8KQUBEU" failures="0" tests="1" name="demolog.Deomlog4j" time="0.007" errors="0" timestamp="2024-06-03T22:40:36 IST" skipped="0">
  <testcase classname="demolog.Deomlog4j" name="verifyLogLevels" time="0.007"/>
</testsuite> <!-- demolog.Deomlog4j -->
