<?xml version="1.0" encoding="UTF-8"?>
<!-- Generated by org.testng.reporters.JUnitReportReporter -->
<testsuite hostname="DESKTOP-8KQUBEU" failures="0" tests="2" name="TestNg.EnabledFalse" time="0.019" errors="0" timestamp="2024-07-08T13:02:56 IST" skipped="0">
  <testcase classname="TestNg.EnabledFalse" name="verifytestAnotation" time="0.005"/>
  <testcase classname="TestNg.EnabledFalse" name="verifyEnabledFalse" time="0.014"/>
</testsuite> <!-- TestNg.EnabledFalse -->
