<?xml version="1.0" encoding="UTF-8"?>
<!-- Generated by org.testng.reporters.JUnitReportReporter -->
<testsuite hostname="DESKTOP-8KQUBEU" failures="0" tests="1" name="RobotClass.KeyDownandKeyUp" time="11.052" errors="0" timestamp="2024-05-28T22:36:18 IST" skipped="0">
  <testcase classname="RobotClass.KeyDownandKeyUp" name="verifyKeyUpAndKeyDown" time="11.052"/>
</testsuite> <!-- RobotClass.KeyDownandKeyUp -->
