<?xml version="1.0" encoding="UTF-8"?>
<!-- Generated by org.testng.reporters.JUnitReportReporter -->
<testsuite hostname="DESKTOP-8KQUBEU" failures="0" tests="1" name="PopUp.Promptalert" time="26.254" errors="0" timestamp="2024-07-18T07:49:15 IST" skipped="0">
  <testcase classname="PopUp.Promptalert" name="verifyPromptAlert" time="26.254"/>
</testsuite> <!-- PopUp.Promptalert -->
