<?xml version="1.0" encoding="UTF-8"?>
<!-- Generated by org.testng.reporters.JUnitReportReporter -->
<testsuite hostname="DESKTOP-8KQUBEU" failures="0" tests="1" name="TestNg.ParameterAnotation" time="0.028" errors="0" timestamp="2024-07-05T15:52:40 IST" skipped="0">
  <testcase classname="TestNg.ParameterAnotation" name="verifyTestNgAnotation" time="0.028"/>
</testsuite> <!-- TestNg.ParameterAnotation -->
