<?xml version="1.0" encoding="UTF-8"?>
<!-- Generated by org.testng.reporters.JUnitReportReporter -->
<testsuite hostname="DESKTOP-8KQUBEU" failures="0" tests="1" name="RobotClass.Sample1" time="4.085" errors="0" timestamp="2024-04-15T22:39:55 IST" skipped="0">
  <testcase classname="RobotClass.Sample1" name="verifyScreenShot" time="4.085"/>
</testsuite> <!-- RobotClass.Sample1 -->
