<?xml version="1.0" encoding="UTF-8"?>
<!-- Generated by org.testng.reporters.JUnitReportReporter -->
<testsuite hostname="DESKTOP-8KQUBEU" failures="0" tests="1" name="RobotClass.SendKeys" time="17.802" errors="0" timestamp="2024-07-05T10:07:05 IST" skipped="0">
  <testcase classname="RobotClass.SendKeys" name="verifyActionClassSendKeys" time="17.802"/>
</testsuite> <!-- RobotClass.SendKeys -->
