<?xml version="1.0" encoding="UTF-8"?>
<!-- Generated by org.testng.reporters.JUnitReportReporter -->
<testsuite hostname="DESKTOP-8KQUBEU" failures="0" tests="1" name="Programs.SumOfNumfrom1to100" time="0.019" errors="0" timestamp="2024-05-29T21:23:27 IST" skipped="0">
  <testcase classname="Programs.SumOfNumfrom1to100" name="evenNumbers" time="0.019"/>
</testsuite> <!-- Programs.SumOfNumfrom1to100 -->
