<?xml version="1.0" encoding="UTF-8"?>
<!-- Generated by org.testng.reporters.JUnitReportReporter -->
<testsuite hostname="DESKTOP-8KQUBEU" failures="0" tests="1" name="JavaScriptExecuter.CrateSampleAlert" time="14.714" errors="0" timestamp="2024-07-23T10:36:15 IST" skipped="0">
  <testcase classname="JavaScriptExecuter.CrateSampleAlert" name="verifySampleAlert" time="14.714"/>
</testsuite> <!-- JavaScriptExecuter.CrateSampleAlert -->
