<?xml version="1.0" encoding="UTF-8"?>
<!-- Generated by org.testng.reporters.JUnitReportReporter -->
<testsuite hostname="DESKTOP-8KQUBEU" failures="0" tests="1" name="Programs.Fibseries" time="0.022" errors="0" timestamp="2024-07-18T22:43:58 IST" skipped="0">
  <testcase classname="Programs.Fibseries" name="verifyDuplicateCharInString" time="0.022"/>
</testsuite> <!-- Programs.Fibseries -->
