<?xml version="1.0" encoding="UTF-8"?>
<!-- Generated by org.testng.reporters.JUnitReportReporter -->
<testsuite hostname="DESKTOP-8KQUBEU" failures="0" tests="5" name="demolog.Sample" time="50.730" errors="0" timestamp="2024-07-08T12:44:47 IST" skipped="0">
  <testcase classname="demolog.Sample" name="verifyStableVersions" time="3.164"/>
  <testcase classname="demolog.Sample" name="verifyStableVersions" time="4.449"/>
  <testcase classname="demolog.Sample" name="verifyStableVersions" time="4.190"/>
  <testcase classname="demolog.Sample" name="verifyStableVersions" time="18.796"/>
  <testcase classname="demolog.Sample" name="verifyStableVersions" time="20.131"/>
</testsuite> <!-- demolog.Sample -->
