<?xml version="1.0" encoding="UTF-8"?>
<!-- Generated by org.testng.reporters.JUnitReportReporter -->
<testsuite hostname="DESKTOP-8KQUBEU" failures="0" tests="1" name="Programs.DuplicatesInArray" time="9.958" errors="0" timestamp="2024-07-11T13:44:27 IST" skipped="0">
  <testcase classname="Programs.DuplicatesInArray" name="verifyStringPalliendrome" time="9.958"/>
</testsuite> <!-- Programs.DuplicatesInArray -->
