<?xml version="1.0" encoding="UTF-8"?>
<!-- Generated by org.testng.reporters.JUnitReportReporter -->
<testsuite hostname="DESKTOP-8KQUBEU" failures="0" tests="2" name="IncognitoBrowser" time="12.337" errors="0" timestamp="2024-06-03T22:40:36 IST" skipped="0">
  <testcase classname="IncognitoBrowser" name="verifyChromeIncognitoMode" time="5.689"/>
  <testcase classname="IncognitoBrowser" name="verifyChromeIncognitoMode" time="6.648"/>
</testsuite> <!-- IncognitoBrowser -->
