<?xml version="1.0" encoding="UTF-8"?>
<!-- Generated by org.testng.reporters.JUnitReportReporter -->
<testsuite hostname="DESKTOP-8KQUBEU" failures="0" tests="2" name="Demo.ClassTwo" time="0.017" errors="0" timestamp="2024-07-11T15:50:14 IST" skipped="0">
  <testcase classname="Demo.ClassTwo" name="verifyClassTwoTestB" time="0.008"/>
  <testcase classname="Demo.ClassTwo" name="verifyClassTwoTestA" time="0.009"/>
</testsuite> <!-- Demo.ClassTwo -->
