<?xml version="1.0" encoding="UTF-8"?>
<!-- Generated by org.testng.reporters.JUnitReportReporter -->
<testsuite hostname="DESKTOP-8KQUBEU" failures="0" tests="1" name="Programs.RemovedupfromString" time="0.018" errors="0" timestamp="2024-07-22T23:07:44 IST" skipped="0">
  <testcase classname="Programs.RemovedupfromString" name="verifySample" time="0.018"/>
</testsuite> <!-- Programs.RemovedupfromString -->
