<?xml version="1.0" encoding="UTF-8"?>
<!-- Generated by org.testng.reporters.JUnitReportReporter -->
<testsuite hostname="DESKTOP-8KQUBEU" failures="0" tests="6" name="TestNg.CrossBrowserTest" time="1.620" errors="0" timestamp="2024-07-08T22:52:16 IST" skipped="3">
  <testcase classname="TestNg.CrossBrowserTest" name="verifyBrowser" time="0.571"/>
  <testcase classname="TestNg.CrossBrowserTest" name="verifyBrowser" time="0.535"/>
  <testcase classname="TestNg.CrossBrowserTest" name="verifyBrowser" time="0.514"/>
  <testcase classname="TestNg.CrossBrowserTest" name="genericMethod">
    <skipped/>
  </testcase> <!-- genericMethod -->
  <testcase classname="TestNg.CrossBrowserTest" name="genericMethod">
    <skipped/>
  </testcase> <!-- genericMethod -->
  <testcase classname="TestNg.CrossBrowserTest" name="genericMethod">
    <skipped/>
  </testcase> <!-- genericMethod -->
</testsuite> <!-- TestNg.CrossBrowserTest -->
