<?xml version="1.0" encoding="UTF-8"?>
<!-- Generated by org.testng.reporters.JUnitReportReporter -->
<testsuite hostname="DESKTOP-8KQUBEU" failures="0" tests="1" name="Annotations.TestClass" time="34.792" errors="0" timestamp="2024-05-28T21:30:17 IST" skipped="0">
  <testcase classname="Annotations.TestClass" name="verifyAccountCreate" time="34.792"/>
  <system-out>
    <![CDATA[Login to appliations]]>
  </system-out>
</testsuite> <!-- Annotations.TestClass -->
