<?xml version="1.0" encoding="UTF-8"?>
<!-- Generated by org.testng.reporters.JUnitReportReporter -->
<testsuite hostname="DESKTOP-8KQUBEU" failures="0" tests="1" name="RobotClass.MouseMove" time="12.675" errors="0" timestamp="2024-07-05T10:08:23 IST" skipped="0">
  <testcase classname="RobotClass.MouseMove" name="verifyMouseMove" time="12.675"/>
</testsuite> <!-- RobotClass.MouseMove -->
