<?xml version="1.0" encoding="UTF-8"?>
<!-- Generated by org.testng.reporters.JUnitReportReporter -->
<testsuite hostname="DESKTOP-8KQUBEU" failures="0" tests="1" name="RobotClass.Sample2" time="5.106" errors="0" timestamp="2024-04-15T22:38:24 IST" skipped="0">
  <testcase classname="RobotClass.Sample2" name="verifyScreenshot" time="5.106"/>
</testsuite> <!-- RobotClass.Sample2 -->
