<?xml version="1.0" encoding="UTF-8"?>
<!-- Generated by org.testng.reporters.JUnitReportReporter -->
<testsuite hostname="DESKTOP-8KQUBEU" failures="0" tests="1" name="Maps.FindingDuplicateElements" time="0.017" errors="0" timestamp="2024-06-06T22:42:56 IST" skipped="0">
  <testcase classname="Maps.FindingDuplicateElements" name="findingDuplicateElementsInList" time="0.017"/>
</testsuite> <!-- Maps.FindingDuplicateElements -->
