<?xml version="1.0" encoding="UTF-8"?>
<!-- Generated by org.testng.reporters.JUnitReportReporter -->
<testsuite hostname="DESKTOP-8KQUBEU" failures="0" tests="1" name="Annotations.ParameterAnotation" time="0.015" errors="0" timestamp="2024-05-30T22:21:01 IST" skipped="0">
  <testcase classname="Annotations.ParameterAnotation" name="verifyParameterAnotation" time="0.015"/>
</testsuite> <!-- Annotations.ParameterAnotation -->
