<?xml version="1.0" encoding="UTF-8"?>
<!-- Generated by org.testng.reporters.JUnitReportReporter -->
<testsuite hostname="DESKTOP-8KQUBEU" failures="0" tests="1" name="Programs2.SortArray" time="0.023" errors="0" timestamp="2024-07-20T08:56:47 IST" skipped="0">
  <testcase classname="Programs2.SortArray" name="verifyArraySort" time="0.023"/>
</testsuite> <!-- Programs2.SortArray -->
