<?xml version="1.0" encoding="UTF-8"?>
<!-- Generated by org.testng.reporters.JUnitReportReporter -->
<testsuite hostname="DESKTOP-8KQUBEU" failures="0" tests="1" name="RobotClass.MousePress" time="20.751" errors="0" timestamp="2024-07-08T12:08:54 IST" skipped="0">
  <testcase classname="RobotClass.MousePress" name="verifyMousePress" time="20.751"/>
</testsuite> <!-- RobotClass.MousePress -->
