<?xml version="1.0" encoding="UTF-8"?>
<!-- Generated by org.testng.reporters.JUnitReportReporter -->
<testsuite hostname="DESKTOP-8KQUBEU" failures="0" tests="1" name="Sample" time="6.669" errors="0" timestamp="2023-12-04T16:40:02 IST" skipped="0">
  <testcase classname="Sample" name="verifyApiResponce" time="6.669"/>
</testsuite> <!-- Sample -->
