<?xml version="1.0" encoding="UTF-8"?>
<!-- Generated by org.testng.reporters.JUnitReportReporter -->
<testsuite hostname="DESKTOP-8KQUBEU" failures="0" tests="1" name="Maps.MulTable" time="3.621" errors="0" timestamp="2024-06-06T22:58:40 IST" skipped="0">
  <testcase classname="Maps.MulTable" name="verifyMulTable" time="3.621"/>
</testsuite> <!-- Maps.MulTable -->
