<?xml version="1.0" encoding="UTF-8"?>
<!-- Generated by org.testng.reporters.JUnitReportReporter -->
<testsuite hostname="DESKTOP-8KQUBEU" failures="0" tests="2" name="ReadOnlyTextBox" time="19.337" errors="0" timestamp="2024-05-07T07:34:42 IST" skipped="0">
  <testcase classname="ReadOnlyTextBox" name="verifyDropdowns" time="9.457"/>
  <testcase classname="ReadOnlyTextBox" name="verifyReadOnlyText" time="9.880"/>
</testsuite> <!-- ReadOnlyTextBox -->
