<?xml version="1.0" encoding="UTF-8"?>
<!-- Generated by org.testng.reporters.JUnitReportReporter -->
<testsuite hostname="DESKTOP-8KQUBEU" failures="0" tests="1" name="TestNg.DropdownSelAllOpt" time="12.365" errors="0" timestamp="2024-07-08T12:57:45 IST" skipped="0">
  <testcase classname="TestNg.DropdownSelAllOpt" name="verifySelectAllOpt" time="12.365"/>
</testsuite> <!-- TestNg.DropdownSelAllOpt -->
