<?xml version="1.0" encoding="UTF-8"?>
<!-- Generated by org.testng.reporters.JUnitReportReporter -->
<testsuite hostname="DESKTOP-8KQUBEU" failures="0" tests="1" name="PopUp.Popups" time="9.516" errors="0" timestamp="2024-07-18T08:04:32 IST" skipped="0">
  <testcase classname="PopUp.Popups" name="verifyConfirmPopUp" time="9.516"/>
</testsuite> <!-- PopUp.Popups -->
