<?xml version="1.0" encoding="UTF-8"?>
<!-- Generated by org.testng.reporters.JUnitReportReporter -->
<testsuite hostname="DESKTOP-8KQUBEU" failures="0" tests="1" name="RobotClass.CpyandPaste" time="14.702" errors="0" timestamp="2024-05-28T22:33:26 IST" skipped="0">
  <testcase classname="RobotClass.CpyandPaste" name="verifyKeyEvents" time="14.702"/>
</testsuite> <!-- RobotClass.CpyandPaste -->
