<?xml version="1.0" encoding="UTF-8"?>
<!-- Generated by org.testng.reporters.JUnitReportReporter -->
<testsuite hostname="DESKTOP-8KQUBEU" failures="0" tests="1" name="RobotClass.Sample3" time="7.393" errors="0" timestamp="2024-04-16T22:26:25 IST" skipped="0">
  <testcase classname="RobotClass.Sample3" name="verifyPageScrolling" time="7.393"/>
</testsuite> <!-- RobotClass.Sample3 -->
