<?xml version="1.0" encoding="UTF-8"?>
<!-- Generated by org.testng.reporters.JUnitReportReporter -->
<testsuite hostname="DESKTOP-8KQUBEU" failures="0" tests="1" name="TestNg.Selectallchkbox" time="10.505" errors="0" timestamp="2024-07-17T07:54:46 IST" skipped="0">
  <testcase classname="TestNg.Selectallchkbox" name="verifyTheSelectChkBox" time="10.505"/>
</testsuite> <!-- TestNg.Selectallchkbox -->
