<?xml version="1.0" encoding="UTF-8"?>
<!-- Generated by org.testng.reporters.JUnitReportReporter -->
<testsuite hostname="DESKTOP-8KQUBEU" failures="0" tests="1" name="RobotClass.Sample4" time="8.938" errors="0" timestamp="2024-04-16T22:25:55 IST" skipped="0">
  <testcase classname="RobotClass.Sample4" name="verifyFileUpload" time="8.938"/>
</testsuite> <!-- RobotClass.Sample4 -->
