<?xml version="1.0" encoding="UTF-8"?>
<!-- Generated by org.testng.reporters.JUnitReportReporter -->
<testsuite hostname="DESKTOP-8KQUBEU" failures="0" tests="1" name="Maps.BufferedReader1" time="0.014" errors="0" timestamp="2024-05-29T20:17:33 IST" skipped="0">
  <testcase classname="Maps.BufferedReader1" name="sumOfFirstHundredNumber" time="0.014"/>
</testsuite> <!-- Maps.BufferedReader1 -->
