<?xml version="1.0" encoding="UTF-8"?>
<!-- Generated by org.testng.reporters.JUnitReportReporter -->
<testsuite hostname="DESKTOP-8KQUBEU" failures="0" tests="1" name="RobotClass.MouseRightClick" time="21.052" errors="0" timestamp="2024-07-08T12:11:43 IST" skipped="0">
  <testcase classname="RobotClass.MouseRightClick" name="verifyMouseRightClick" time="21.052"/>
</testsuite> <!-- RobotClass.MouseRightClick -->
