<?xml version="1.0" encoding="UTF-8"?>
<!-- Generated by org.testng.reporters.JUnitReportReporter -->
<testsuite hostname="DESKTOP-8KQUBEU" failures="0" tests="1" name="Programs.SumOfAllEleInArray" time="0.018" errors="0" timestamp="2024-07-12T08:50:22 IST" skipped="0">
  <testcase classname="Programs.SumOfAllEleInArray" name="copyArray" time="0.018"/>
</testsuite> <!-- Programs.SumOfAllEleInArray -->
